<?xml version="1.0" encoding="UTF-8"?>
<!-- Generated by org.testng.reporters.JUnitXMLReporter -->
<testsuite ignored="4" hostname="sravankumarc" failures="2" tests="3" name="Test" time="44.821" errors="0" timestamp="2023-02-16T12:33:41 IST">
  <testcase classname="vtigerWithPom.CreateContact3Test" name="createCon" time="0.03">
    <failure type="java.lang.Error" message="Unresolved compilation problem: 
	The method sendKey(String) is undefined for the type WebElement
">
      <![CDATA[java.lang.Error: Unresolved compilation problem: 
The method sendKey(String) is undefined for the type WebElement

at vtigerWithPom.CreateContact3Test.createCon(CreateContact3Test.java:18)
at java.base/java.util.ArrayList.forEach(ArrayList.java:1541)
... Removed 27 stack frames]]>
    </failure>
  </testcase> <!-- createCon -->
  <testcase classname="vtigerWithPom.CreateContact2Test" name="createCon" time="6.567">
    <failure type="java.lang.IllegalArgumentException" message="Keys to send should be a not null CharSequence">
      <![CDATA[java.lang.IllegalArgumentException: Keys to send should be a not null CharSequence
at org.openqa.selenium.remote.RemoteWebElement.sendKeys(RemoteWebElement.java:98)
at org.openqa.selenium.support.pagefactory.internal.LocatingElementHandler.invoke(LocatingElementHandler.java:52)
at com.sun.proxy.$Proxy21.sendKeys(Unknown Source)
at vtigerWithPom.CreateContact2Test.createCon(CreateContact2Test.java:18)
at java.base/java.util.ArrayList.forEach(ArrayList.java:1541)
... Removed 31 stack frames]]>
    </failure>
  </testcase> <!-- createCon -->
  <testcase classname="vtigerWithPom.CreateContactTest" name="createContact" time="10.814"/>
  <testcase classname="genericUtility1.BaseClass" name="@BeforeSuite connectToDB" time="0.0">
    <ignored/>
  </testcase> <!-- @BeforeSuite connectToDB -->
  <testcase classname="genericUtility1.BaseClass" name="@BeforeSuite connectToDB" time="0.0">
    <ignored/>
  </testcase> <!-- @BeforeSuite connectToDB -->
  <testcase classname="genericUtility1.BaseClass" name="@AfterSuite disconnectToDB" time="0.0">
    <ignored/>
  </testcase> <!-- @AfterSuite disconnectToDB -->
  <testcase classname="genericUtility1.BaseClass" name="@AfterSuite disconnectToDB" time="0.0">
    <ignored/>
  </testcase> <!-- @AfterSuite disconnectToDB -->
</testsuite> <!-- Test -->
