<?xml version="1.0" encoding="UTF-8"?>
<testng-results ignored="0" total="1" passed="1" failed="0" skipped="0">
  <reporter-output>
  </reporter-output>
  <suite started-at="2023-05-13T13:27:53 IST" name="Default suite" finished-at="2023-05-13T13:28:15 IST" duration-ms="22420">
    <groups>
    </groups>
    <test started-at="2023-05-13T13:27:53 IST" name="Default test" finished-at="2023-05-13T13:28:15 IST" duration-ms="22420">
      <class name="actitimeTestCases.ActitimeTest1">
        <test-method is-config="true" signature="launchBrowser()[pri:0, instance:actitimeTestCases.ActitimeTest1@1623b78d]" started-at="2023-05-13T13:27:53 IST" name="launchBrowser" finished-at="2023-05-13T13:27:57 IST" duration-ms="4654" status="PASS">
          <reporter-output>
          </reporter-output>
        </test-method> <!-- launchBrowser -->
        <test-method is-config="true" signature="openApp()[pri:0, instance:actitimeTestCases.ActitimeTest1@1623b78d]" started-at="2023-05-13T13:27:57 IST" name="openApp" finished-at="2023-05-13T13:28:03 IST" duration-ms="5074" status="PASS">
          <reporter-output>
          </reporter-output>
        </test-method> <!-- openApp -->
        <test-method signature="createNewCustomer()[pri:0, instance:actitimeTestCases.ActitimeTest1@1623b78d]" started-at="2023-05-13T13:28:03 IST" name="createNewCustomer" finished-at="2023-05-13T13:28:13 IST" duration-ms="10846" status="PASS">
          <reporter-output>
          </reporter-output>
        </test-method> <!-- createNewCustomer -->
        <test-method is-config="true" signature="closeApp()[pri:0, instance:actitimeTestCases.ActitimeTest1@1623b78d]" started-at="2023-05-13T13:28:13 IST" name="closeApp" finished-at="2023-05-13T13:28:15 IST" duration-ms="1500" status="PASS">
          <reporter-output>
          </reporter-output>
        </test-method> <!-- closeApp -->
        <test-method is-config="true" signature="closeBrowser()[pri:0, instance:actitimeTestCases.ActitimeTest1@1623b78d]" started-at="2023-05-13T13:28:15 IST" name="closeBrowser" finished-at="2023-05-13T13:28:15 IST" duration-ms="296" status="PASS">
          <reporter-output>
          </reporter-output>
        </test-method> <!-- closeBrowser -->
      </class> <!-- actitimeTestCases.ActitimeTest1 -->
    </test> <!-- Default test -->
  </suite> <!-- Default suite -->
</testng-results>
