<?xml version="1.0" encoding="UTF-8"?>
<testng-results ignored="0" total="1" passed="1" failed="0" skipped="0">
  <reporter-output>
  </reporter-output>
  <suite started-at="2023-05-10T22:37:30 IST" name="Default suite" finished-at="2023-05-10T22:37:41 IST" duration-ms="10418">
    <groups>
    </groups>
    <test started-at="2023-05-10T22:37:30 IST" name="Default test" finished-at="2023-05-10T22:37:41 IST" duration-ms="10418">
      <class name="actitime.ActitimeTest">
        <test-method is-config="true" signature="launchBrowser()[pri:0, instance:actitime.ActitimeTest@223d2c72]" started-at="2023-05-10T22:37:30 IST" name="launchBrowser" finished-at="2023-05-10T22:37:34 IST" duration-ms="4210" status="PASS">
          <reporter-output>
          </reporter-output>
        </test-method> <!-- launchBrowser -->
        <test-method signature="test(java.lang.String,java.lang.String,java.lang.String)[pri:0, instance:actitime.ActitimeTest@223d2c72]" started-at="2023-05-10T22:37:34 IST" name="test" data-provider="data" finished-at="2023-05-10T22:37:41 IST" duration-ms="6132" status="PASS">
          <params>
            <param index="0">
              <value>
                <![CDATA[https://demo.actitime.com/login.do]]>
              </value>
            </param>
            <param index="1">
              <value>
                <![CDATA[admin]]>
              </value>
            </param>
            <param index="2">
              <value>
                <![CDATA[manager]]>
              </value>
            </param>
          </params>
          <reporter-output>
          </reporter-output>
        </test-method> <!-- test -->
      </class> <!-- actitime.ActitimeTest -->
    </test> <!-- Default test -->
  </suite> <!-- Default suite -->
</testng-results>
